2024-07-31 16:32:57,019 || 未选择Excel文件。
2024-07-31 16:33:05,153 || 从Excel文件中读取的要导入的产品名称: ['outdoor foldable storage box', 'outdoor storage bag', 'outdoor storage shed', 'outdoor storage box', 'outdoor storage room', 'outdoor storage cabinet', 'outdoor organization', 'outdoor organization farmhouse', 'outdoor organization traditional', 'outdoor organization contemprar', 'outdoor organization classic', 'outdoor organization renewable sources', 'outdoor organization rot proof', 'outdoor organization waterproof']
2024-07-31 16:33:06,797 || Chrome WebDriver启动成功。
2024-07-31 16:33:06,819 || 从Excel文件中读取的工作表名称: ['Outdoor Storage & Organization']
2024-07-31 16:33:06,822 || 访问页面: https://www.alibaba.com/
2024-07-31 16:33:12,700 || 处理分类: outdoor foldable storage box
2024-07-31 16:33:12,700 || 处理链接: https://www.alibaba.com/
2024-07-31 16:33:29,990 || 处理链接时发生错误: Message: no such window: target window already closed
from unknown error: web view not found
  (Session info: chrome=127.0.6533.73)
Stacktrace:
	GetHandleVerifier [0x00007FF6CCCA9632+30946]
	(No symbol) [0x00007FF6CCC5E3C9]
	(No symbol) [0x00007FF6CCB56FDA]
	(No symbol) [0x00007FF6CCB2CB85]
	(No symbol) [0x00007FF6CCBD37A7]
	(No symbol) [0x00007FF6CCBEA771]
	(No symbol) [0x00007FF6CCBCC813]
	(No symbol) [0x00007FF6CCB9A6E5]
	(No symbol) [0x00007FF6CCB9B021]
	GetHandleVerifier [0x00007FF6CCDDF83D+1301229]
	GetHandleVerifier [0x00007FF6CCDEBDB7+1351783]
	GetHandleVerifier [0x00007FF6CCDE2A03+1313971]
	GetHandleVerifier [0x00007FF6CCCDDD06+245686]
	(No symbol) [0x00007FF6CCC6758F]
	(No symbol) [0x00007FF6CCC63804]
	(No symbol) [0x00007FF6CCC63992]
	(No symbol) [0x00007FF6CCC5A3EF]
	BaseThreadInitThunk [0x00007FFCE846257D+29]
	RtlUserThreadStart [0x00007FFCE962AF28+40]

2024-07-31 16:33:29,990 || 处理分类: outdoor storage bag
2024-07-31 16:33:29,990 || 处理链接: https://www.alibaba.com/
2024-07-31 16:33:29,992 || 处理链接时发生错误: Message: no such window: target window already closed
from unknown error: web view not found
  (Session info: chrome=127.0.6533.73)
Stacktrace:
	GetHandleVerifier [0x00007FF6CCCA9632+30946]
	(No symbol) [0x00007FF6CCC5E3C9]
	(No symbol) [0x00007FF6CCB56FDA]
	(No symbol) [0x00007FF6CCB2CB85]
	(No symbol) [0x00007FF6CCBD37A7]
	(No symbol) [0x00007FF6CCBEA771]
	(No symbol) [0x00007FF6CCBCC813]
	(No symbol) [0x00007FF6CCB9A6E5]
	(No symbol) [0x00007FF6CCB9B021]
	GetHandleVerifier [0x00007FF6CCDDF83D+1301229]
	GetHandleVerifier [0x00007FF6CCDEBDB7+1351783]
	GetHandleVerifier [0x00007FF6CCDE2A03+1313971]
	GetHandleVerifier [0x00007FF6CCCDDD06+245686]
	(No symbol) [0x00007FF6CCC6758F]
	(No symbol) [0x00007FF6CCC63804]
	(No symbol) [0x00007FF6CCC63992]
	(No symbol) [0x00007FF6CCC5A3EF]
	BaseThreadInitThunk [0x00007FFCE846257D+29]
	RtlUserThreadStart [0x00007FFCE962AF28+40]

2024-07-31 16:33:29,992 || 处理分类: outdoor storage shed
2024-07-31 16:33:29,992 || 处理链接: https://www.alibaba.com/
2024-07-31 16:33:29,998 || 处理链接时发生错误: Message: no such window: target window already closed
from unknown error: web view not found
  (Session info: chrome=127.0.6533.73)
Stacktrace:
	GetHandleVerifier [0x00007FF6CCCA9632+30946]
	(No symbol) [0x00007FF6CCC5E3C9]
	(No symbol) [0x00007FF6CCB56FDA]
	(No symbol) [0x00007FF6CCB2CB85]
	(No symbol) [0x00007FF6CCBD37A7]
	(No symbol) [0x00007FF6CCBEA771]
	(No symbol) [0x00007FF6CCBCC813]
	(No symbol) [0x00007FF6CCB9A6E5]
	(No symbol) [0x00007FF6CCB9B021]
	GetHandleVerifier [0x00007FF6CCDDF83D+1301229]
	GetHandleVerifier [0x00007FF6CCDEBDB7+1351783]
	GetHandleVerifier [0x00007FF6CCDE2A03+1313971]
	GetHandleVerifier [0x00007FF6CCCDDD06+245686]
	(No symbol) [0x00007FF6CCC6758F]
	(No symbol) [0x00007FF6CCC63804]
	(No symbol) [0x00007FF6CCC63992]
	(No symbol) [0x00007FF6CCC5A3EF]
	BaseThreadInitThunk [0x00007FFCE846257D+29]
	RtlUserThreadStart [0x00007FFCE962AF28+40]

2024-07-31 16:33:29,998 || 处理分类: outdoor storage box
2024-07-31 16:33:29,998 || 处理链接: https://www.alibaba.com/
2024-07-31 16:33:29,999 || 处理链接时发生错误: Message: no such window: target window already closed
from unknown error: web view not found
  (Session info: chrome=127.0.6533.73)
Stacktrace:
	GetHandleVerifier [0x00007FF6CCCA9632+30946]
	(No symbol) [0x00007FF6CCC5E3C9]
	(No symbol) [0x00007FF6CCB56FDA]
	(No symbol) [0x00007FF6CCB2CB85]
	(No symbol) [0x00007FF6CCBD37A7]
	(No symbol) [0x00007FF6CCBEA771]
	(No symbol) [0x00007FF6CCBCC813]
	(No symbol) [0x00007FF6CCB9A6E5]
	(No symbol) [0x00007FF6CCB9B021]
	GetHandleVerifier [0x00007FF6CCDDF83D+1301229]
	GetHandleVerifier [0x00007FF6CCDEBDB7+1351783]
	GetHandleVerifier [0x00007FF6CCDE2A03+1313971]
	GetHandleVerifier [0x00007FF6CCCDDD06+245686]
	(No symbol) [0x00007FF6CCC6758F]
	(No symbol) [0x00007FF6CCC63804]
	(No symbol) [0x00007FF6CCC63992]
	(No symbol) [0x00007FF6CCC5A3EF]
	BaseThreadInitThunk [0x00007FFCE846257D+29]
	RtlUserThreadStart [0x00007FFCE962AF28+40]

2024-07-31 16:33:30,000 || 处理分类: outdoor storage room
2024-07-31 16:33:30,000 || 处理链接: https://www.alibaba.com/
2024-07-31 16:33:30,006 || 处理链接时发生错误: Message: no such window: target window already closed
from unknown error: web view not found
  (Session info: chrome=127.0.6533.73)
Stacktrace:
	GetHandleVerifier [0x00007FF6CCCA9632+30946]
	(No symbol) [0x00007FF6CCC5E3C9]
	(No symbol) [0x00007FF6CCB56FDA]
	(No symbol) [0x00007FF6CCB2CB85]
	(No symbol) [0x00007FF6CCBD37A7]
	(No symbol) [0x00007FF6CCBEA771]
	(No symbol) [0x00007FF6CCBCC813]
	(No symbol) [0x00007FF6CCB9A6E5]
	(No symbol) [0x00007FF6CCB9B021]
	GetHandleVerifier [0x00007FF6CCDDF83D+1301229]
	GetHandleVerifier [0x00007FF6CCDEBDB7+1351783]
	GetHandleVerifier [0x00007FF6CCDE2A03+1313971]
	GetHandleVerifier [0x00007FF6CCCDDD06+245686]
	(No symbol) [0x00007FF6CCC6758F]
	(No symbol) [0x00007FF6CCC63804]
	(No symbol) [0x00007FF6CCC63992]
	(No symbol) [0x00007FF6CCC5A3EF]
	BaseThreadInitThunk [0x00007FFCE846257D+29]
	RtlUserThreadStart [0x00007FFCE962AF28+40]

2024-07-31 16:33:30,007 || 处理分类: outdoor storage cabinet
2024-07-31 16:33:30,007 || 处理链接: https://www.alibaba.com/
2024-07-31 16:33:30,008 || 处理链接时发生错误: Message: no such window: target window already closed
from unknown error: web view not found
  (Session info: chrome=127.0.6533.73)
Stacktrace:
	GetHandleVerifier [0x00007FF6CCCA9632+30946]
	(No symbol) [0x00007FF6CCC5E3C9]
	(No symbol) [0x00007FF6CCB56FDA]
	(No symbol) [0x00007FF6CCB2CB85]
	(No symbol) [0x00007FF6CCBD37A7]
	(No symbol) [0x00007FF6CCBEA771]
	(No symbol) [0x00007FF6CCBCC813]
	(No symbol) [0x00007FF6CCB9A6E5]
	(No symbol) [0x00007FF6CCB9B021]
	GetHandleVerifier [0x00007FF6CCDDF83D+1301229]
	GetHandleVerifier [0x00007FF6CCDEBDB7+1351783]
	GetHandleVerifier [0x00007FF6CCDE2A03+1313971]
	GetHandleVerifier [0x00007FF6CCCDDD06+245686]
	(No symbol) [0x00007FF6CCC6758F]
	(No symbol) [0x00007FF6CCC63804]
	(No symbol) [0x00007FF6CCC63992]
	(No symbol) [0x00007FF6CCC5A3EF]
	BaseThreadInitThunk [0x00007FFCE846257D+29]
	RtlUserThreadStart [0x00007FFCE962AF28+40]

2024-07-31 16:33:30,008 || 处理分类: outdoor organization
2024-07-31 16:33:30,008 || 处理链接: https://www.alibaba.com/
2024-07-31 16:33:30,009 || 处理链接时发生错误: Message: no such window: target window already closed
from unknown error: web view not found
  (Session info: chrome=127.0.6533.73)
Stacktrace:
	GetHandleVerifier [0x00007FF6CCCA9632+30946]
	(No symbol) [0x00007FF6CCC5E3C9]
	(No symbol) [0x00007FF6CCB56FDA]
	(No symbol) [0x00007FF6CCB2CB85]
	(No symbol) [0x00007FF6CCBD37A7]
	(No symbol) [0x00007FF6CCBEA771]
	(No symbol) [0x00007FF6CCBCC813]
	(No symbol) [0x00007FF6CCB9A6E5]
	(No symbol) [0x00007FF6CCB9B021]
	GetHandleVerifier [0x00007FF6CCDDF83D+1301229]
	GetHandleVerifier [0x00007FF6CCDEBDB7+1351783]
	GetHandleVerifier [0x00007FF6CCDE2A03+1313971]
	GetHandleVerifier [0x00007FF6CCCDDD06+245686]
	(No symbol) [0x00007FF6CCC6758F]
	(No symbol) [0x00007FF6CCC63804]
	(No symbol) [0x00007FF6CCC63992]
	(No symbol) [0x00007FF6CCC5A3EF]
	BaseThreadInitThunk [0x00007FFCE846257D+29]
	RtlUserThreadStart [0x00007FFCE962AF28+40]

2024-07-31 16:33:30,009 || 处理分类: outdoor organization farmhouse
2024-07-31 16:33:30,010 || 处理链接: https://www.alibaba.com/
2024-07-31 16:33:30,013 || 处理链接时发生错误: Message: no such window: target window already closed
from unknown error: web view not found
  (Session info: chrome=127.0.6533.73)
Stacktrace:
	GetHandleVerifier [0x00007FF6CCCA9632+30946]
	(No symbol) [0x00007FF6CCC5E3C9]
	(No symbol) [0x00007FF6CCB56FDA]
	(No symbol) [0x00007FF6CCB2CB85]
	(No symbol) [0x00007FF6CCBD37A7]
	(No symbol) [0x00007FF6CCBEA771]
	(No symbol) [0x00007FF6CCBCC813]
	(No symbol) [0x00007FF6CCB9A6E5]
	(No symbol) [0x00007FF6CCB9B021]
	GetHandleVerifier [0x00007FF6CCDDF83D+1301229]
	GetHandleVerifier [0x00007FF6CCDEBDB7+1351783]
	GetHandleVerifier [0x00007FF6CCDE2A03+1313971]
	GetHandleVerifier [0x00007FF6CCCDDD06+245686]
	(No symbol) [0x00007FF6CCC6758F]
	(No symbol) [0x00007FF6CCC63804]
	(No symbol) [0x00007FF6CCC63992]
	(No symbol) [0x00007FF6CCC5A3EF]
	BaseThreadInitThunk [0x00007FFCE846257D+29]
	RtlUserThreadStart [0x00007FFCE962AF28+40]

2024-07-31 16:33:30,013 || 处理分类: outdoor organization traditional
2024-07-31 16:33:30,013 || 处理链接: https://www.alibaba.com/
2024-07-31 16:33:30,018 || 处理链接时发生错误: Message: no such window: target window already closed
from unknown error: web view not found
  (Session info: chrome=127.0.6533.73)
Stacktrace:
	GetHandleVerifier [0x00007FF6CCCA9632+30946]
	(No symbol) [0x00007FF6CCC5E3C9]
	(No symbol) [0x00007FF6CCB56FDA]
	(No symbol) [0x00007FF6CCB2CB85]
	(No symbol) [0x00007FF6CCBD37A7]
	(No symbol) [0x00007FF6CCBEA771]
	(No symbol) [0x00007FF6CCBCC813]
	(No symbol) [0x00007FF6CCB9A6E5]
	(No symbol) [0x00007FF6CCB9B021]
	GetHandleVerifier [0x00007FF6CCDDF83D+1301229]
	GetHandleVerifier [0x00007FF6CCDEBDB7+1351783]
	GetHandleVerifier [0x00007FF6CCDE2A03+1313971]
	GetHandleVerifier [0x00007FF6CCCDDD06+245686]
	(No symbol) [0x00007FF6CCC6758F]
	(No symbol) [0x00007FF6CCC63804]
	(No symbol) [0x00007FF6CCC63992]
	(No symbol) [0x00007FF6CCC5A3EF]
	BaseThreadInitThunk [0x00007FFCE846257D+29]
	RtlUserThreadStart [0x00007FFCE962AF28+40]

2024-07-31 16:33:30,018 || 处理分类: outdoor organization contemprar
2024-07-31 16:33:30,018 || 处理链接: https://www.alibaba.com/
2024-07-31 16:33:30,019 || 处理链接时发生错误: Message: no such window: target window already closed
from unknown error: web view not found
  (Session info: chrome=127.0.6533.73)
Stacktrace:
	GetHandleVerifier [0x00007FF6CCCA9632+30946]
	(No symbol) [0x00007FF6CCC5E3C9]
	(No symbol) [0x00007FF6CCB56FDA]
	(No symbol) [0x00007FF6CCB2CB85]
	(No symbol) [0x00007FF6CCBD37A7]
	(No symbol) [0x00007FF6CCBEA771]
	(No symbol) [0x00007FF6CCBCC813]
	(No symbol) [0x00007FF6CCB9A6E5]
	(No symbol) [0x00007FF6CCB9B021]
	GetHandleVerifier [0x00007FF6CCDDF83D+1301229]
	GetHandleVerifier [0x00007FF6CCDEBDB7+1351783]
	GetHandleVerifier [0x00007FF6CCDE2A03+1313971]
	GetHandleVerifier [0x00007FF6CCCDDD06+245686]
	(No symbol) [0x00007FF6CCC6758F]
	(No symbol) [0x00007FF6CCC63804]
	(No symbol) [0x00007FF6CCC63992]
	(No symbol) [0x00007FF6CCC5A3EF]
	BaseThreadInitThunk [0x00007FFCE846257D+29]
	RtlUserThreadStart [0x00007FFCE962AF28+40]

2024-07-31 16:33:30,019 || 处理分类: outdoor organization classic
2024-07-31 16:33:30,020 || 处理链接: https://www.alibaba.com/
2024-07-31 16:33:30,021 || 处理链接时发生错误: Message: no such window: target window already closed
from unknown error: web view not found
  (Session info: chrome=127.0.6533.73)
Stacktrace:
	GetHandleVerifier [0x00007FF6CCCA9632+30946]
	(No symbol) [0x00007FF6CCC5E3C9]
	(No symbol) [0x00007FF6CCB56FDA]
	(No symbol) [0x00007FF6CCB2CB85]
	(No symbol) [0x00007FF6CCBD37A7]
	(No symbol) [0x00007FF6CCBEA771]
	(No symbol) [0x00007FF6CCBCC813]
	(No symbol) [0x00007FF6CCB9A6E5]
	(No symbol) [0x00007FF6CCB9B021]
	GetHandleVerifier [0x00007FF6CCDDF83D+1301229]
	GetHandleVerifier [0x00007FF6CCDEBDB7+1351783]
	GetHandleVerifier [0x00007FF6CCDE2A03+1313971]
	GetHandleVerifier [0x00007FF6CCCDDD06+245686]
	(No symbol) [0x00007FF6CCC6758F]
	(No symbol) [0x00007FF6CCC63804]
	(No symbol) [0x00007FF6CCC63992]
	(No symbol) [0x00007FF6CCC5A3EF]
	BaseThreadInitThunk [0x00007FFCE846257D+29]
	RtlUserThreadStart [0x00007FFCE962AF28+40]

2024-07-31 16:33:30,021 || 处理分类: outdoor organization renewable sources
2024-07-31 16:33:30,021 || 处理链接: https://www.alibaba.com/
2024-07-31 16:33:30,022 || 处理链接时发生错误: Message: no such window: target window already closed
from unknown error: web view not found
  (Session info: chrome=127.0.6533.73)
Stacktrace:
	GetHandleVerifier [0x00007FF6CCCA9632+30946]
	(No symbol) [0x00007FF6CCC5E3C9]
	(No symbol) [0x00007FF6CCB56FDA]
	(No symbol) [0x00007FF6CCB2CB85]
	(No symbol) [0x00007FF6CCBD37A7]
	(No symbol) [0x00007FF6CCBEA771]
	(No symbol) [0x00007FF6CCBCC813]
	(No symbol) [0x00007FF6CCB9A6E5]
	(No symbol) [0x00007FF6CCB9B021]
	GetHandleVerifier [0x00007FF6CCDDF83D+1301229]
	GetHandleVerifier [0x00007FF6CCDEBDB7+1351783]
	GetHandleVerifier [0x00007FF6CCDE2A03+1313971]
	GetHandleVerifier [0x00007FF6CCCDDD06+245686]
	(No symbol) [0x00007FF6CCC6758F]
	(No symbol) [0x00007FF6CCC63804]
	(No symbol) [0x00007FF6CCC63992]
	(No symbol) [0x00007FF6CCC5A3EF]
	BaseThreadInitThunk [0x00007FFCE846257D+29]
	RtlUserThreadStart [0x00007FFCE962AF28+40]

2024-07-31 16:33:30,023 || 处理分类: outdoor organization rot proof
2024-07-31 16:33:30,023 || 处理链接: https://www.alibaba.com/
2024-07-31 16:33:30,024 || 处理链接时发生错误: Message: no such window: target window already closed
from unknown error: web view not found
  (Session info: chrome=127.0.6533.73)
Stacktrace:
	GetHandleVerifier [0x00007FF6CCCA9632+30946]
	(No symbol) [0x00007FF6CCC5E3C9]
	(No symbol) [0x00007FF6CCB56FDA]
	(No symbol) [0x00007FF6CCB2CB85]
	(No symbol) [0x00007FF6CCBD37A7]
	(No symbol) [0x00007FF6CCBEA771]
	(No symbol) [0x00007FF6CCBCC813]
	(No symbol) [0x00007FF6CCB9A6E5]
	(No symbol) [0x00007FF6CCB9B021]
	GetHandleVerifier [0x00007FF6CCDDF83D+1301229]
	GetHandleVerifier [0x00007FF6CCDEBDB7+1351783]
	GetHandleVerifier [0x00007FF6CCDE2A03+1313971]
	GetHandleVerifier [0x00007FF6CCCDDD06+245686]
	(No symbol) [0x00007FF6CCC6758F]
	(No symbol) [0x00007FF6CCC63804]
	(No symbol) [0x00007FF6CCC63992]
	(No symbol) [0x00007FF6CCC5A3EF]
	BaseThreadInitThunk [0x00007FFCE846257D+29]
	RtlUserThreadStart [0x00007FFCE962AF28+40]

2024-07-31 16:33:30,024 || 处理分类: outdoor organization waterproof
2024-07-31 16:33:30,024 || 处理链接: https://www.alibaba.com/
2024-07-31 16:33:30,027 || 处理链接时发生错误: Message: no such window: target window already closed
from unknown error: web view not found
  (Session info: chrome=127.0.6533.73)
Stacktrace:
	GetHandleVerifier [0x00007FF6CCCA9632+30946]
	(No symbol) [0x00007FF6CCC5E3C9]
	(No symbol) [0x00007FF6CCB56FDA]
	(No symbol) [0x00007FF6CCB2CB85]
	(No symbol) [0x00007FF6CCBD37A7]
	(No symbol) [0x00007FF6CCBEA771]
	(No symbol) [0x00007FF6CCBCC813]
	(No symbol) [0x00007FF6CCB9A6E5]
	(No symbol) [0x00007FF6CCB9B021]
	GetHandleVerifier [0x00007FF6CCDDF83D+1301229]
	GetHandleVerifier [0x00007FF6CCDEBDB7+1351783]
	GetHandleVerifier [0x00007FF6CCDE2A03+1313971]
	GetHandleVerifier [0x00007FF6CCCDDD06+245686]
	(No symbol) [0x00007FF6CCC6758F]
	(No symbol) [0x00007FF6CCC63804]
	(No symbol) [0x00007FF6CCC63992]
	(No symbol) [0x00007FF6CCC5A3EF]
	BaseThreadInitThunk [0x00007FFCE846257D+29]
	RtlUserThreadStart [0x00007FFCE962AF28+40]

2024-07-31 16:33:36,234 || Retrying (Retry(total=2, connect=None, read=None, redirect=None, status=None)) after connection broken by 'NewConnectionError('<urllib3.connection.HTTPConnection object at 0x00000270BB28E1E0>: Failed to establish a new connection: [WinError 10061] 由于目标计算机积极拒绝，无法连接。')': /session/35125c78e4cddedae31b54a1d7ebfa28
2024-07-31 16:33:40,322 || Retrying (Retry(total=1, connect=None, read=None, redirect=None, status=None)) after connection broken by 'NewConnectionError('<urllib3.connection.HTTPConnection object at 0x00000270BB28F4D0>: Failed to establish a new connection: [WinError 10061] 由于目标计算机积极拒绝，无法连接。')': /session/35125c78e4cddedae31b54a1d7ebfa28
2024-07-31 16:33:44,397 || Retrying (Retry(total=0, connect=None, read=None, redirect=None, status=None)) after connection broken by 'NewConnectionError('<urllib3.connection.HTTPConnection object at 0x00000270BB28EB70>: Failed to establish a new connection: [WinError 10061] 由于目标计算机积极拒绝，无法连接。')': /session/35125c78e4cddedae31b54a1d7ebfa28
2024-07-31 16:34:33,570 || 从Excel文件中读取的要导入的产品名称: ['outdoor foldable storage box', 'outdoor storage bag', 'outdoor storage shed', 'outdoor storage box', 'outdoor storage room', 'outdoor storage cabinet', 'outdoor organization', 'outdoor organization farmhouse', 'outdoor organization traditional', 'outdoor organization contemprar', 'outdoor organization classic', 'outdoor organization renewable sources', 'outdoor organization rot proof', 'outdoor organization waterproof']
2024-07-31 16:34:35,149 || Chrome WebDriver启动成功。
2024-07-31 16:34:35,172 || 从Excel文件中读取的工作表名称: ['Outdoor Storage & Organization']
2024-07-31 16:34:35,172 || 访问页面: https://www.alibaba.com/
2024-07-31 16:34:36,920 || 处理分类: outdoor foldable storage box
2024-07-31 16:34:36,920 || 处理链接: https://www.alibaba.com/
2024-07-31 16:34:46,417 || 处理链接时发生错误: Message: no such window: target window already closed
from unknown error: web view not found
  (Session info: chrome=127.0.6533.73)
Stacktrace:
	GetHandleVerifier [0x00007FF6CCCA9632+30946]
	(No symbol) [0x00007FF6CCC5E3C9]
	(No symbol) [0x00007FF6CCB56FDA]
	(No symbol) [0x00007FF6CCB2CB85]
	(No symbol) [0x00007FF6CCBD37A7]
	(No symbol) [0x00007FF6CCBEA771]
	(No symbol) [0x00007FF6CCBCC813]
	(No symbol) [0x00007FF6CCB9A6E5]
	(No symbol) [0x00007FF6CCB9B021]
	GetHandleVerifier [0x00007FF6CCDDF83D+1301229]
	GetHandleVerifier [0x00007FF6CCDEBDB7+1351783]
	GetHandleVerifier [0x00007FF6CCDE2A03+1313971]
	GetHandleVerifier [0x00007FF6CCCDDD06+245686]
	(No symbol) [0x00007FF6CCC6758F]
	(No symbol) [0x00007FF6CCC63804]
	(No symbol) [0x00007FF6CCC63992]
	(No symbol) [0x00007FF6CCC5A3EF]
	BaseThreadInitThunk [0x00007FFCE846257D+29]
	RtlUserThreadStart [0x00007FFCE962AF28+40]

2024-07-31 16:34:46,417 || 处理分类: outdoor storage bag
2024-07-31 16:34:46,417 || 处理链接: https://www.alibaba.com/
2024-07-31 16:34:46,418 || 处理链接时发生错误: Message: no such window: target window already closed
from unknown error: web view not found
  (Session info: chrome=127.0.6533.73)
Stacktrace:
	GetHandleVerifier [0x00007FF6CCCA9632+30946]
	(No symbol) [0x00007FF6CCC5E3C9]
	(No symbol) [0x00007FF6CCB56FDA]
	(No symbol) [0x00007FF6CCB2CB85]
	(No symbol) [0x00007FF6CCBD37A7]
	(No symbol) [0x00007FF6CCBEA771]
	(No symbol) [0x00007FF6CCBCC813]
	(No symbol) [0x00007FF6CCB9A6E5]
	(No symbol) [0x00007FF6CCB9B021]
	GetHandleVerifier [0x00007FF6CCDDF83D+1301229]
	GetHandleVerifier [0x00007FF6CCDEBDB7+1351783]
	GetHandleVerifier [0x00007FF6CCDE2A03+1313971]
	GetHandleVerifier [0x00007FF6CCCDDD06+245686]
	(No symbol) [0x00007FF6CCC6758F]
	(No symbol) [0x00007FF6CCC63804]
	(No symbol) [0x00007FF6CCC63992]
	(No symbol) [0x00007FF6CCC5A3EF]
	BaseThreadInitThunk [0x00007FFCE846257D+29]
	RtlUserThreadStart [0x00007FFCE962AF28+40]

2024-07-31 16:34:46,418 || 处理分类: outdoor storage shed
2024-07-31 16:34:46,418 || 处理链接: https://www.alibaba.com/
2024-07-31 16:34:46,419 || 处理链接时发生错误: Message: no such window: target window already closed
from unknown error: web view not found
  (Session info: chrome=127.0.6533.73)
Stacktrace:
	GetHandleVerifier [0x00007FF6CCCA9632+30946]
	(No symbol) [0x00007FF6CCC5E3C9]
	(No symbol) [0x00007FF6CCB56FDA]
	(No symbol) [0x00007FF6CCB2CB85]
	(No symbol) [0x00007FF6CCBD37A7]
	(No symbol) [0x00007FF6CCBEA771]
	(No symbol) [0x00007FF6CCBCC813]
	(No symbol) [0x00007FF6CCB9A6E5]
	(No symbol) [0x00007FF6CCB9B021]
	GetHandleVerifier [0x00007FF6CCDDF83D+1301229]
	GetHandleVerifier [0x00007FF6CCDEBDB7+1351783]
	GetHandleVerifier [0x00007FF6CCDE2A03+1313971]
	GetHandleVerifier [0x00007FF6CCCDDD06+245686]
	(No symbol) [0x00007FF6CCC6758F]
	(No symbol) [0x00007FF6CCC63804]
	(No symbol) [0x00007FF6CCC63992]
	(No symbol) [0x00007FF6CCC5A3EF]
	BaseThreadInitThunk [0x00007FFCE846257D+29]
	RtlUserThreadStart [0x00007FFCE962AF28+40]

2024-07-31 16:34:46,419 || 处理分类: outdoor storage box
2024-07-31 16:34:46,419 || 处理链接: https://www.alibaba.com/
2024-07-31 16:34:46,420 || 处理链接时发生错误: Message: no such window: target window already closed
from unknown error: web view not found
  (Session info: chrome=127.0.6533.73)
Stacktrace:
	GetHandleVerifier [0x00007FF6CCCA9632+30946]
	(No symbol) [0x00007FF6CCC5E3C9]
	(No symbol) [0x00007FF6CCB56FDA]
	(No symbol) [0x00007FF6CCB2CB85]
	(No symbol) [0x00007FF6CCBD37A7]
	(No symbol) [0x00007FF6CCBEA771]
	(No symbol) [0x00007FF6CCBCC813]
	(No symbol) [0x00007FF6CCB9A6E5]
	(No symbol) [0x00007FF6CCB9B021]
	GetHandleVerifier [0x00007FF6CCDDF83D+1301229]
	GetHandleVerifier [0x00007FF6CCDEBDB7+1351783]
	GetHandleVerifier [0x00007FF6CCDE2A03+1313971]
	GetHandleVerifier [0x00007FF6CCCDDD06+245686]
	(No symbol) [0x00007FF6CCC6758F]
	(No symbol) [0x00007FF6CCC63804]
	(No symbol) [0x00007FF6CCC63992]
	(No symbol) [0x00007FF6CCC5A3EF]
	BaseThreadInitThunk [0x00007FFCE846257D+29]
	RtlUserThreadStart [0x00007FFCE962AF28+40]

2024-07-31 16:34:46,420 || 处理分类: outdoor storage room
2024-07-31 16:34:46,420 || 处理链接: https://www.alibaba.com/
2024-07-31 16:34:46,421 || 处理链接时发生错误: Message: no such window: target window already closed
from unknown error: web view not found
  (Session info: chrome=127.0.6533.73)
Stacktrace:
	GetHandleVerifier [0x00007FF6CCCA9632+30946]
	(No symbol) [0x00007FF6CCC5E3C9]
	(No symbol) [0x00007FF6CCB56FDA]
	(No symbol) [0x00007FF6CCB2CB85]
	(No symbol) [0x00007FF6CCBD37A7]
	(No symbol) [0x00007FF6CCBEA771]
	(No symbol) [0x00007FF6CCBCC813]
	(No symbol) [0x00007FF6CCB9A6E5]
	(No symbol) [0x00007FF6CCB9B021]
	GetHandleVerifier [0x00007FF6CCDDF83D+1301229]
	GetHandleVerifier [0x00007FF6CCDEBDB7+1351783]
	GetHandleVerifier [0x00007FF6CCDE2A03+1313971]
	GetHandleVerifier [0x00007FF6CCCDDD06+245686]
	(No symbol) [0x00007FF6CCC6758F]
	(No symbol) [0x00007FF6CCC63804]
	(No symbol) [0x00007FF6CCC63992]
	(No symbol) [0x00007FF6CCC5A3EF]
	BaseThreadInitThunk [0x00007FFCE846257D+29]
	RtlUserThreadStart [0x00007FFCE962AF28+40]

2024-07-31 16:34:46,421 || 处理分类: outdoor storage cabinet
2024-07-31 16:34:46,422 || 处理链接: https://www.alibaba.com/
2024-07-31 16:34:46,422 || 处理链接时发生错误: Message: no such window: target window already closed
from unknown error: web view not found
  (Session info: chrome=127.0.6533.73)
Stacktrace:
	GetHandleVerifier [0x00007FF6CCCA9632+30946]
	(No symbol) [0x00007FF6CCC5E3C9]
	(No symbol) [0x00007FF6CCB56FDA]
	(No symbol) [0x00007FF6CCB2CB85]
	(No symbol) [0x00007FF6CCBD37A7]
	(No symbol) [0x00007FF6CCBEA771]
	(No symbol) [0x00007FF6CCBCC813]
	(No symbol) [0x00007FF6CCB9A6E5]
	(No symbol) [0x00007FF6CCB9B021]
	GetHandleVerifier [0x00007FF6CCDDF83D+1301229]
	GetHandleVerifier [0x00007FF6CCDEBDB7+1351783]
	GetHandleVerifier [0x00007FF6CCDE2A03+1313971]
	GetHandleVerifier [0x00007FF6CCCDDD06+245686]
	(No symbol) [0x00007FF6CCC6758F]
	(No symbol) [0x00007FF6CCC63804]
	(No symbol) [0x00007FF6CCC63992]
	(No symbol) [0x00007FF6CCC5A3EF]
	BaseThreadInitThunk [0x00007FFCE846257D+29]
	RtlUserThreadStart [0x00007FFCE962AF28+40]

2024-07-31 16:34:46,423 || 处理分类: outdoor organization
2024-07-31 16:34:46,423 || 处理链接: https://www.alibaba.com/
2024-07-31 16:34:46,424 || 处理链接时发生错误: Message: no such window: target window already closed
from unknown error: web view not found
  (Session info: chrome=127.0.6533.73)
Stacktrace:
	GetHandleVerifier [0x00007FF6CCCA9632+30946]
	(No symbol) [0x00007FF6CCC5E3C9]
	(No symbol) [0x00007FF6CCB56FDA]
	(No symbol) [0x00007FF6CCB2CB85]
	(No symbol) [0x00007FF6CCBD37A7]
	(No symbol) [0x00007FF6CCBEA771]
	(No symbol) [0x00007FF6CCBCC813]
	(No symbol) [0x00007FF6CCB9A6E5]
	(No symbol) [0x00007FF6CCB9B021]
	GetHandleVerifier [0x00007FF6CCDDF83D+1301229]
	GetHandleVerifier [0x00007FF6CCDEBDB7+1351783]
	GetHandleVerifier [0x00007FF6CCDE2A03+1313971]
	GetHandleVerifier [0x00007FF6CCCDDD06+245686]
	(No symbol) [0x00007FF6CCC6758F]
	(No symbol) [0x00007FF6CCC63804]
	(No symbol) [0x00007FF6CCC63992]
	(No symbol) [0x00007FF6CCC5A3EF]
	BaseThreadInitThunk [0x00007FFCE846257D+29]
	RtlUserThreadStart [0x00007FFCE962AF28+40]

2024-07-31 16:34:46,424 || 处理分类: outdoor organization farmhouse
2024-07-31 16:34:46,424 || 处理链接: https://www.alibaba.com/
2024-07-31 16:34:46,426 || 处理链接时发生错误: Message: no such window: target window already closed
from unknown error: web view not found
  (Session info: chrome=127.0.6533.73)
Stacktrace:
	GetHandleVerifier [0x00007FF6CCCA9632+30946]
	(No symbol) [0x00007FF6CCC5E3C9]
	(No symbol) [0x00007FF6CCB56FDA]
	(No symbol) [0x00007FF6CCB2CB85]
	(No symbol) [0x00007FF6CCBD37A7]
	(No symbol) [0x00007FF6CCBEA771]
	(No symbol) [0x00007FF6CCBCC813]
	(No symbol) [0x00007FF6CCB9A6E5]
	(No symbol) [0x00007FF6CCB9B021]
	GetHandleVerifier [0x00007FF6CCDDF83D+1301229]
	GetHandleVerifier [0x00007FF6CCDEBDB7+1351783]
	GetHandleVerifier [0x00007FF6CCDE2A03+1313971]
	GetHandleVerifier [0x00007FF6CCCDDD06+245686]
	(No symbol) [0x00007FF6CCC6758F]
	(No symbol) [0x00007FF6CCC63804]
	(No symbol) [0x00007FF6CCC63992]
	(No symbol) [0x00007FF6CCC5A3EF]
	BaseThreadInitThunk [0x00007FFCE846257D+29]
	RtlUserThreadStart [0x00007FFCE962AF28+40]

2024-07-31 16:34:46,426 || 处理分类: outdoor organization traditional
2024-07-31 16:34:46,426 || 处理链接: https://www.alibaba.com/
2024-07-31 16:34:46,429 || 处理链接时发生错误: Message: no such window: target window already closed
from unknown error: web view not found
  (Session info: chrome=127.0.6533.73)
Stacktrace:
	GetHandleVerifier [0x00007FF6CCCA9632+30946]
	(No symbol) [0x00007FF6CCC5E3C9]
	(No symbol) [0x00007FF6CCB56FDA]
	(No symbol) [0x00007FF6CCB2CB85]
	(No symbol) [0x00007FF6CCBD37A7]
	(No symbol) [0x00007FF6CCBEA771]
	(No symbol) [0x00007FF6CCBCC813]
	(No symbol) [0x00007FF6CCB9A6E5]
	(No symbol) [0x00007FF6CCB9B021]
	GetHandleVerifier [0x00007FF6CCDDF83D+1301229]
	GetHandleVerifier [0x00007FF6CCDEBDB7+1351783]
	GetHandleVerifier [0x00007FF6CCDE2A03+1313971]
	GetHandleVerifier [0x00007FF6CCCDDD06+245686]
	(No symbol) [0x00007FF6CCC6758F]
	(No symbol) [0x00007FF6CCC63804]
	(No symbol) [0x00007FF6CCC63992]
	(No symbol) [0x00007FF6CCC5A3EF]
	BaseThreadInitThunk [0x00007FFCE846257D+29]
	RtlUserThreadStart [0x00007FFCE962AF28+40]

2024-07-31 16:34:46,429 || 处理分类: outdoor organization contemprar
2024-07-31 16:34:46,429 || 处理链接: https://www.alibaba.com/
2024-07-31 16:34:46,433 || 处理链接时发生错误: Message: no such window: target window already closed
from unknown error: web view not found
  (Session info: chrome=127.0.6533.73)
Stacktrace:
	GetHandleVerifier [0x00007FF6CCCA9632+30946]
	(No symbol) [0x00007FF6CCC5E3C9]
	(No symbol) [0x00007FF6CCB56FDA]
	(No symbol) [0x00007FF6CCB2CB85]
	(No symbol) [0x00007FF6CCBD37A7]
	(No symbol) [0x00007FF6CCBEA771]
	(No symbol) [0x00007FF6CCBCC813]
	(No symbol) [0x00007FF6CCB9A6E5]
	(No symbol) [0x00007FF6CCB9B021]
	GetHandleVerifier [0x00007FF6CCDDF83D+1301229]
	GetHandleVerifier [0x00007FF6CCDEBDB7+1351783]
	GetHandleVerifier [0x00007FF6CCDE2A03+1313971]
	GetHandleVerifier [0x00007FF6CCCDDD06+245686]
	(No symbol) [0x00007FF6CCC6758F]
	(No symbol) [0x00007FF6CCC63804]
	(No symbol) [0x00007FF6CCC63992]
	(No symbol) [0x00007FF6CCC5A3EF]
	BaseThreadInitThunk [0x00007FFCE846257D+29]
	RtlUserThreadStart [0x00007FFCE962AF28+40]

2024-07-31 16:34:46,433 || 处理分类: outdoor organization classic
2024-07-31 16:34:46,433 || 处理链接: https://www.alibaba.com/
2024-07-31 16:34:46,459 || 处理链接时发生错误: Message: no such window: target window already closed
from unknown error: web view not found
  (Session info: chrome=127.0.6533.73)
Stacktrace:
	GetHandleVerifier [0x00007FF6CCCA9632+30946]
	(No symbol) [0x00007FF6CCC5E3C9]
	(No symbol) [0x00007FF6CCB56FDA]
	(No symbol) [0x00007FF6CCB2CB85]
	(No symbol) [0x00007FF6CCBD37A7]
	(No symbol) [0x00007FF6CCBEA771]
	(No symbol) [0x00007FF6CCBCC813]
	(No symbol) [0x00007FF6CCB9A6E5]
	(No symbol) [0x00007FF6CCB9B021]
	GetHandleVerifier [0x00007FF6CCDDF83D+1301229]
	GetHandleVerifier [0x00007FF6CCDEBDB7+1351783]
	GetHandleVerifier [0x00007FF6CCDE2A03+1313971]
	GetHandleVerifier [0x00007FF6CCCDDD06+245686]
	(No symbol) [0x00007FF6CCC6758F]
	(No symbol) [0x00007FF6CCC63804]
	(No symbol) [0x00007FF6CCC63992]
	(No symbol) [0x00007FF6CCC5A3EF]
	BaseThreadInitThunk [0x00007FFCE846257D+29]
	RtlUserThreadStart [0x00007FFCE962AF28+40]

2024-07-31 16:34:46,460 || 处理分类: outdoor organization renewable sources
2024-07-31 16:34:46,460 || 处理链接: https://www.alibaba.com/
2024-07-31 16:34:46,463 || 处理链接时发生错误: Message: no such window: target window already closed
from unknown error: web view not found
  (Session info: chrome=127.0.6533.73)
Stacktrace:
	GetHandleVerifier [0x00007FF6CCCA9632+30946]
	(No symbol) [0x00007FF6CCC5E3C9]
	(No symbol) [0x00007FF6CCB56FDA]
	(No symbol) [0x00007FF6CCB2CB85]
	(No symbol) [0x00007FF6CCBD37A7]
	(No symbol) [0x00007FF6CCBEA771]
	(No symbol) [0x00007FF6CCBCC813]
	(No symbol) [0x00007FF6CCB9A6E5]
	(No symbol) [0x00007FF6CCB9B021]
	GetHandleVerifier [0x00007FF6CCDDF83D+1301229]
	GetHandleVerifier [0x00007FF6CCDEBDB7+1351783]
	GetHandleVerifier [0x00007FF6CCDE2A03+1313971]
	GetHandleVerifier [0x00007FF6CCCDDD06+245686]
	(No symbol) [0x00007FF6CCC6758F]
	(No symbol) [0x00007FF6CCC63804]
	(No symbol) [0x00007FF6CCC63992]
	(No symbol) [0x00007FF6CCC5A3EF]
	BaseThreadInitThunk [0x00007FFCE846257D+29]
	RtlUserThreadStart [0x00007FFCE962AF28+40]

2024-07-31 16:34:46,463 || 处理分类: outdoor organization rot proof
2024-07-31 16:34:46,463 || 处理链接: https://www.alibaba.com/
2024-07-31 16:34:46,466 || 处理链接时发生错误: Message: no such window: target window already closed
from unknown error: web view not found
  (Session info: chrome=127.0.6533.73)
Stacktrace:
	GetHandleVerifier [0x00007FF6CCCA9632+30946]
	(No symbol) [0x00007FF6CCC5E3C9]
	(No symbol) [0x00007FF6CCB56FDA]
	(No symbol) [0x00007FF6CCB2CB85]
	(No symbol) [0x00007FF6CCBD37A7]
	(No symbol) [0x00007FF6CCBEA771]
	(No symbol) [0x00007FF6CCBCC813]
	(No symbol) [0x00007FF6CCB9A6E5]
	(No symbol) [0x00007FF6CCB9B021]
	GetHandleVerifier [0x00007FF6CCDDF83D+1301229]
	GetHandleVerifier [0x00007FF6CCDEBDB7+1351783]
	GetHandleVerifier [0x00007FF6CCDE2A03+1313971]
	GetHandleVerifier [0x00007FF6CCCDDD06+245686]
	(No symbol) [0x00007FF6CCC6758F]
	(No symbol) [0x00007FF6CCC63804]
	(No symbol) [0x00007FF6CCC63992]
	(No symbol) [0x00007FF6CCC5A3EF]
	BaseThreadInitThunk [0x00007FFCE846257D+29]
	RtlUserThreadStart [0x00007FFCE962AF28+40]

2024-07-31 16:34:46,466 || 处理分类: outdoor organization waterproof
2024-07-31 16:34:46,466 || 处理链接: https://www.alibaba.com/
2024-07-31 16:34:46,467 || 处理链接时发生错误: Message: no such window: target window already closed
from unknown error: web view not found
  (Session info: chrome=127.0.6533.73)
Stacktrace:
	GetHandleVerifier [0x00007FF6CCCA9632+30946]
	(No symbol) [0x00007FF6CCC5E3C9]
	(No symbol) [0x00007FF6CCB56FDA]
	(No symbol) [0x00007FF6CCB2CB85]
	(No symbol) [0x00007FF6CCBD37A7]
	(No symbol) [0x00007FF6CCBEA771]
	(No symbol) [0x00007FF6CCBCC813]
	(No symbol) [0x00007FF6CCB9A6E5]
	(No symbol) [0x00007FF6CCB9B021]
	GetHandleVerifier [0x00007FF6CCDDF83D+1301229]
	GetHandleVerifier [0x00007FF6CCDEBDB7+1351783]
	GetHandleVerifier [0x00007FF6CCDE2A03+1313971]
	GetHandleVerifier [0x00007FF6CCCDDD06+245686]
	(No symbol) [0x00007FF6CCC6758F]
	(No symbol) [0x00007FF6CCC63804]
	(No symbol) [0x00007FF6CCC63992]
	(No symbol) [0x00007FF6CCC5A3EF]
	BaseThreadInitThunk [0x00007FFCE846257D+29]
	RtlUserThreadStart [0x00007FFCE962AF28+40]

