2024-11-12 16:35:30,464 || INFO || 读取到 9 个类别
2024-11-12 16:35:30,465 || INFO || 读取到 1 个工作表
2024-11-12 16:35:32,408 || INFO || Chrome WebDriver启动成功
2024-11-12 16:35:32,437 || INFO || 开始处理类别: Pet pad
2024-11-12 16:35:39,666 || INFO || 输入搜索关键词: Pet pad
2024-11-12 16:35:51,713 || INFO || 点击搜索按钮
2024-11-12 16:35:52,095 || INFO || 开始加载更多产品...
2024-11-12 16:36:15,920 || INFO || 没有更多产品可加载
2024-11-12 16:36:15,958 || INFO || 找到 48 个产品
2024-11-12 16:36:15,958 || INFO || 处理第 1/48 个产品
2024-11-12 16:36:18,259 || INFO || 产品标题: Luxury 6 layer absorbent waterproof disposable training pet puppy dogs pee pads for dogs
2024-11-12 16:36:28,123 || INFO || 点击Add to Import List按钮
2024-11-12 16:36:35,295 || INFO || 产品已存在，跳过处理
2024-11-12 16:36:35,698 || ERROR || 关闭产品详情页时出错: Message: invalid session id
Stacktrace:
	GetHandleVerifier [0x00007FF651B6FDA5+29557]
	(No symbol) [0x00007FF651AE2240]
	(No symbol) [0x00007FF65199B519]
	(No symbol) [0x00007FF6519E0424]
	(No symbol) [0x00007FF651A173A9]
	(No symbol) [0x00007FF651A10ED8]
	(No symbol) [0x00007FF651A100CA]
	(No symbol) [0x00007FF651963D75]
	GetHandleVerifier [0x00007FF651E9DCBD+3363469]
	GetHandleVerifier [0x00007FF651EE9B47+3674391]
	GetHandleVerifier [0x00007FF651EDEAEB+3629243]
	GetHandleVerifier [0x00007FF651C2FC66+815670]
	(No symbol) [0x00007FF651AED6EF]
	(No symbol) [0x00007FF651962837]
	GetHandleVerifier [0x00007FF651F4AB98+4071784]
	BaseThreadInitThunk [0x00007FFE9889257D+29]
	RtlUserThreadStart [0x00007FFE9A3AAF08+40]

2024-11-12 16:36:35,702 || ERROR || 无法返回到产品列表页
2024-11-12 16:36:35,702 || INFO || 类别 Pet pad 处理完成，成功导入 0 个产品
2024-11-12 16:36:35,704 || WARNING || 会话失效，尝试重新创建浏览器实例
2024-11-12 16:36:35,705 || WARNING || 检测到无效会话，尝试重新创建浏览器实例
2024-11-12 16:36:39,632 || INFO || 开始处理类别: Pet sofa
2024-11-12 16:36:46,375 || INFO || 输入搜索关键词: Pet sofa
