2024-11-12 17:42:16,772 || INFO || 读取到 9 个类别
2024-11-12 17:42:16,793 || INFO || 读取到 1 个工作表
2024-11-12 17:42:21,571 || INFO || Chrome WebDriver启动成功
2024-11-12 17:42:21,582 || INFO || 开始处理类别: Pet pad
2024-11-12 17:42:29,720 || INFO || 输入搜索关键词: Pet pad
2024-11-12 17:42:42,558 || INFO || 点击搜索按钮
2024-11-12 17:42:43,073 || INFO || 开始加载更多产品...
2024-11-12 17:43:06,905 || INFO || 没有更多产品可加载
2024-11-12 17:43:06,930 || INFO || 找到 48 个产品
2024-11-12 17:43:06,930 || INFO || 处理第 1/48 个产品
2024-11-12 17:43:08,822 || INFO || 产品标题: Luxury 6 layer absorbent waterproof disposable training pet puppy dogs pee pads for dogs
2024-11-12 17:43:19,384 || INFO || 点击了Add to Import List按钮
2024-11-12 17:43:21,615 || INFO || 选择Draft状态
2024-11-12 17:43:22,764 || INFO || 打开类别选择
2024-11-12 17:43:22,771 || INFO || 开始处理类别选择: Pet Beds
2024-11-12 17:43:22,800 || INFO || 下拉菜单区域已加载
2024-11-12 17:43:23,348 || INFO || 搜索框输入完成: pet beds
2024-11-12 17:43:24,360 || INFO || 成功选择类别: Pet Beds
2024-11-12 17:43:33,061 || INFO || 点击Add to Store按钮
2024-11-12 17:43:33,062 || INFO || 等待产品导入完成...
