2024-11-12 16:45:59,761 || INFO || 读取到 9 个类别
2024-11-12 16:45:59,761 || INFO || 读取到 1 个工作表
2024-11-12 16:46:01,914 || INFO || Chrome WebDriver启动成功
2024-11-12 16:46:01,938 || INFO || 开始处理类别: Pet pad
2024-11-12 16:46:12,535 || INFO || 输入搜索关键词: Pet pad
2024-11-12 16:46:24,250 || INFO || 点击搜索按钮
2024-11-12 16:46:24,621 || INFO || 开始加载更多产品...
2024-11-12 16:46:48,323 || INFO || 没有更多产品可加载
2024-11-12 16:46:48,359 || INFO || 找到 48 个产品
2024-11-12 16:46:48,360 || INFO || 处理第 1/48 个产品
2024-11-12 16:46:50,442 || INFO || 产品标题: Luxury 6 layer absorbent waterproof disposable training pet puppy dogs pee pads for dogs
2024-11-12 16:47:01,443 || INFO || 处理产品详情页操作: Pet pad, Pet Beds!!!
2024-11-12 16:47:01,556 || INFO || 点击了按钮//*[@id='addBtnCon']
2024-11-12 16:47:03,588 || INFO || 产品已存在，不再处理当前产品
2024-11-12 16:47:05,622 || INFO || 处理第 2/48 个产品
2024-11-12 16:47:07,517 || INFO || 产品标题: Oem Waterproof Wholesale Puppy Diaper Training Disposable Pet Urine Pee Absorption And Potty Wee Pads For Dog Padding Xl 60x90
2024-11-12 16:47:19,616 || INFO || 处理产品详情页操作: Pet pad, Pet Beds!!!
2024-11-12 16:47:19,713 || INFO || 点击了按钮//*[@id='addBtnCon']
2024-11-12 16:47:24,253 || INFO || 选择Draft状态成功
2024-11-12 16:47:32,662 || INFO || 开始处理类别选择: Pet Beds
2024-11-12 16:47:32,682 || INFO || 下拉菜单区域已加载
2024-11-12 16:47:33,255 || INFO || 搜索框输入完成: pet beds
2024-11-12 16:47:34,269 || INFO || 成功选择类别: Pet Beds
2024-11-12 16:47:44,766 || INFO || 点击Description标签
2024-11-12 16:47:46,883 || INFO || 点击Variants签
2024-11-12 16:47:49,045 || INFO || 选择Import all variants
2024-11-12 16:47:51,738 || INFO || 选择价格选项
2024-11-12 16:47:54,148 || INFO || 点击Images标签
2024-11-12 16:47:57,310 || INFO || 点击Add to Store按钮
2024-11-12 16:48:27,547 || ERROR || 添加到商店时出错: Message: 
Stacktrace:
	GetHandleVerifier [0x00007FF651B6FDA5+29557]
	(No symbol) [0x00007FF651AE2240]
	(No symbol) [0x00007FF65199B6EA]
	(No symbol) [0x00007FF6519EFA15]
	(No symbol) [0x00007FF6519EFC6C]
	(No symbol) [0x00007FF651A3BB07]
	(No symbol) [0x00007FF651A1753F]
	(No symbol) [0x00007FF651A388A3]
	(No symbol) [0x00007FF651A172A3]
	(No symbol) [0x00007FF6519E12DF]
	(No symbol) [0x00007FF6519E2451]
	GetHandleVerifier [0x00007FF651E9DCBD+3363469]
	GetHandleVerifier [0x00007FF651EE9B47+3674391]
	GetHandleVerifier [0x00007FF651EDEAEB+3629243]
	GetHandleVerifier [0x00007FF651C2FC66+815670]
	(No symbol) [0x00007FF651AED6EF]
	(No symbol) [0x00007FF651AE92B4]
	(No symbol) [0x00007FF651AE9450]
	(No symbol) [0x00007FF651AD81FF]
	BaseThreadInitThunk [0x00007FFE9889257D+29]
	RtlUserThreadStart [0x00007FFE9A3AAF08+40]

2024-11-12 16:48:27,694 || INFO || 关闭当前标签页
2024-11-12 16:48:30,033 || INFO || 处理第 3/48 个产品
2024-11-12 16:48:31,086 || INFO || 产品标题: High Absorbent Disposable puppy training pads
2024-11-12 16:48:34,167 || ERROR || 处理产品详情页时出错: Message: no such window: target window already closed
from unknown error: web view not found
  (Session info: chrome=130.0.6723.117)
Stacktrace:
	GetHandleVerifier [0x00007FF651B6FDA5+29557]
	(No symbol) [0x00007FF651AE2240]
	(No symbol) [0x00007FF65199B6EA]
	(No symbol) [0x00007FF65196FCD5]
	(No symbol) [0x00007FF651A1F167]
	(No symbol) [0x00007FF651A381A1]
	(No symbol) [0x00007FF651A172A3]
	(No symbol) [0x00007FF6519E12DF]
	(No symbol) [0x00007FF6519E2451]
	GetHandleVerifier [0x00007FF651E9DCBD+3363469]
	GetHandleVerifier [0x00007FF651EE9B47+3674391]
	GetHandleVerifier [0x00007FF651EDEAEB+3629243]
	GetHandleVerifier [0x00007FF651C2FC66+815670]
	(No symbol) [0x00007FF651AED6EF]
	(No symbol) [0x00007FF651AE92B4]
	(No symbol) [0x00007FF651AE9450]
	(No symbol) [0x00007FF651AD81FF]
	BaseThreadInitThunk [0x00007FFE9889257D+29]
	RtlUserThreadStart [0x00007FFE9A3AAF08+40]

2024-11-12 16:48:34,174 || ERROR || 无法返回到产品列表页
2024-11-12 16:48:34,175 || INFO || 类别 Pet pad 处理完成，成功导入 0 个产品
2024-11-12 16:48:34,178 || WARNING || 会话失效，尝试重新创建浏览器实例
2024-11-12 16:48:34,180 || WARNING || 检测到无效会话，尝试重新创建浏览器实例
