2024-11-12 16:05:21,699 || INFO || 读取到 9 个类别
2024-11-12 16:05:21,797 || INFO || 读取到 1 个工作表
2024-11-12 16:05:26,098 || INFO || Chrome WebDriver启动成功
2024-11-12 16:05:26,116 || INFO || 开始处理类别: Pet pad
2024-11-12 16:05:33,558 || INFO || 输入搜索关键词: Pet pad
2024-11-12 16:05:44,823 || INFO || 点击搜索按钮
2024-11-12 16:05:45,166 || INFO || 开始加载更多产品...
2024-11-12 16:06:09,121 || INFO || 没有更多产品可加载
2024-11-12 16:06:09,152 || INFO || 找到 48 个产品
2024-11-12 16:06:09,152 || INFO || 处理第 1/48 个产品
2024-11-12 16:06:11,216 || INFO || 产品标题: Luxury 6 layer absorbent waterproof disposable training pet puppy dogs pee pads for dogs
2024-11-12 16:06:20,993 || INFO || 点击Add to Import List按钮
2024-11-12 16:06:33,378 || INFO || 选择Draft状态
2024-11-12 16:06:35,474 || INFO || 开始选择类别: Pet Beds
2024-11-12 16:06:46,729 || ERROR || 选择类别时出错: Message: 
Stacktrace:
	GetHandleVerifier [0x00007FF651B6FDA5+29557]
	(No symbol) [0x00007FF651AE2240]
	(No symbol) [0x00007FF65199B6EA]
	(No symbol) [0x00007FF6519EFA15]
	(No symbol) [0x00007FF6519EFC6C]
	(No symbol) [0x00007FF651A3BB07]
	(No symbol) [0x00007FF651A1753F]
	(No symbol) [0x00007FF651A388A3]
	(No symbol) [0x00007FF651A172A3]
	(No symbol) [0x00007FF6519E12DF]
	(No symbol) [0x00007FF6519E2451]
	GetHandleVerifier [0x00007FF651E9DCBD+3363469]
	GetHandleVerifier [0x00007FF651EE9B47+3674391]
	GetHandleVerifier [0x00007FF651EDEAEB+3629243]
	GetHandleVerifier [0x00007FF651C2FC66+815670]
	(No symbol) [0x00007FF651AED6EF]
	(No symbol) [0x00007FF651AE92B4]
	(No symbol) [0x00007FF651AE9450]
	(No symbol) [0x00007FF651AD81FF]
	BaseThreadInitThunk [0x00007FFE9889257D+29]
	RtlUserThreadStart [0x00007FFE9A3AAF08+40]

2024-11-12 16:06:46,732 || ERROR || 类别选择失败
2024-11-12 16:06:46,732 || ERROR || 处理产品详情时出错: 类别选择失败
2024-11-12 16:06:49,288 || INFO || 处理第 2/48 个产品
2024-11-12 16:06:50,359 || INFO || 产品标题: Puppy Quick-Drying Potty Pad Non-Slip Waterproof Extra Absorbent Washable Reusable Pet Pee Pad For Dog Training
2024-11-12 16:06:52,080 || ERROR || 处理产品详情时出错: Message: no such window: target window already closed
from unknown error: web view not found
  (Session info: chrome=130.0.6723.117)
Stacktrace:
	GetHandleVerifier [0x00007FF651B6FDA5+29557]
	(No symbol) [0x00007FF651AE2240]
	(No symbol) [0x00007FF65199B6EA]
	(No symbol) [0x00007FF65196FCD5]
	(No symbol) [0x00007FF651A1F167]
	(No symbol) [0x00007FF651A381A1]
	(No symbol) [0x00007FF651A172A3]
	(No symbol) [0x00007FF6519E12DF]
	(No symbol) [0x00007FF6519E2451]
	GetHandleVerifier [0x00007FF651E9DCBD+3363469]
	GetHandleVerifier [0x00007FF651EE9B47+3674391]
	GetHandleVerifier [0x00007FF651EDEAEB+3629243]
	GetHandleVerifier [0x00007FF651C2FC66+815670]
	(No symbol) [0x00007FF651AED6EF]
	(No symbol) [0x00007FF651AE92B4]
	(No symbol) [0x00007FF651AE9450]
	(No symbol) [0x00007FF651AD81FF]
	BaseThreadInitThunk [0x00007FFE9889257D+29]
	RtlUserThreadStart [0x00007FFE9A3AAF08+40]

2024-11-12 16:06:52,096 || ERROR || 关闭产品详情页时出错: Message: disconnected: not connected to DevTools
  (failed to check if window was closed: disconnected: not connected to DevTools)
  (Session info: chrome=130.0.6723.117)
Stacktrace:
	GetHandleVerifier [0x00007FF651B6FDA5+29557]
	(No symbol) [0x00007FF651AE2240]
	(No symbol) [0x00007FF65199B6EA]
	(No symbol) [0x00007FF651981515]
	(No symbol) [0x00007FF6519825AF]
	(No symbol) [0x00007FF65199BD03]
	(No symbol) [0x00007FF65196F7BD]
	(No symbol) [0x00007FF651A26699]
	(No symbol) [0x00007FF651A174C0]
	(No symbol) [0x00007FF6519E12DF]
	(No symbol) [0x00007FF6519E2451]
	GetHandleVerifier [0x00007FF651E9DCBD+3363469]
	GetHandleVerifier [0x00007FF651EE9B47+3674391]
	GetHandleVerifier [0x00007FF651EDEAEB+3629243]
	GetHandleVerifier [0x00007FF651C2FC66+815670]
	(No symbol) [0x00007FF651AED6EF]
	(No symbol) [0x00007FF651AE92B4]
	(No symbol) [0x00007FF651AE9450]
	(No symbol) [0x00007FF651AD81FF]
	BaseThreadInitThunk [0x00007FFE9889257D+29]
	RtlUserThreadStart [0x00007FFE9A3AAF08+40]

2024-11-12 16:06:52,104 || ERROR || 无法返回到产品列表页
2024-11-12 16:06:52,104 || INFO || 类别 Pet pad 处理完成，成功导入 0 个产品
2024-11-12 16:06:52,106 || WARNING || 检测到无效会话，尝试重新创建浏览器实例
