2024-11-12 16:31:41,715 || INFO || 读取到 9 个类别
2024-11-12 16:31:41,715 || INFO || 读取到 1 个工作表
2024-11-12 16:31:43,795 || INFO || Chrome WebDriver启动成功
2024-11-12 16:31:43,805 || INFO || 开始处理类别: Pet pad
2024-11-12 16:31:49,539 || INFO || 输入搜索关键词: Pet pad
2024-11-12 16:32:03,497 || INFO || 点击搜索按钮
2024-11-12 16:32:03,672 || INFO || 开始加载更多产品...
2024-11-12 16:32:27,333 || INFO || 没有更多产品可加载
2024-11-12 16:32:27,378 || INFO || 找到 48 个产品
2024-11-12 16:32:27,378 || INFO || 处理第 1/48 个产品
2024-11-12 16:32:29,574 || INFO || 产品标题: Luxury 6 layer absorbent waterproof disposable training pet puppy dogs pee pads for dogs
2024-11-12 16:32:39,340 || INFO || 点击Add to Import List按钮
2024-11-12 16:32:46,544 || INFO || 产品已存在，跳过处理
2024-11-12 16:32:47,128 || ERROR || 关闭产品详情页时出错: Message: invalid session id
Stacktrace:
	GetHandleVerifier [0x00007FF651B6FDA5+29557]
	(No symbol) [0x00007FF651AE2240]
	(No symbol) [0x00007FF65199B519]
	(No symbol) [0x00007FF6519E0424]
	(No symbol) [0x00007FF651A173A9]
	(No symbol) [0x00007FF651A10ED8]
	(No symbol) [0x00007FF651A100CA]
	(No symbol) [0x00007FF651963D75]
	GetHandleVerifier [0x00007FF651E9DCBD+3363469]
	GetHandleVerifier [0x00007FF651EE9B47+3674391]
	GetHandleVerifier [0x00007FF651EDEAEB+3629243]
	GetHandleVerifier [0x00007FF651C2FC66+815670]
	(No symbol) [0x00007FF651AED6EF]
	(No symbol) [0x00007FF651962837]
	GetHandleVerifier [0x00007FF651F4AB98+4071784]
	BaseThreadInitThunk [0x00007FFE9889257D+29]
	RtlUserThreadStart [0x00007FFE9A3AAF08+40]

2024-11-12 16:32:47,133 || ERROR || 无法返回到产品列表页
2024-11-12 16:32:47,133 || INFO || 类别 Pet pad 处理完成，成功导入 0 个产品
2024-11-12 16:32:47,136 || WARNING || 会话失效，尝试重新创建浏览器实例
2024-11-12 16:32:47,138 || WARNING || 检测到无效会话，尝试重新创建浏览器实例
2024-11-12 16:32:51,147 || INFO || 开始处理类别: Pet sofa
2024-11-12 16:32:57,052 || INFO || 输入搜索关键词: Pet sofa
2024-11-12 16:33:08,210 || INFO || 点击搜索按钮
2024-11-12 16:33:08,642 || INFO || 开始加载更多产品...
2024-11-12 16:33:32,223 || INFO || 没有更多产品可加载
2024-11-12 16:33:32,245 || INFO || 找到 48 个产品
2024-11-12 16:33:32,246 || INFO || 处理第 1/48 个产品
2024-11-12 16:33:34,539 || INFO || 产品标题: Customization Pet Sofa Warm Anti Slip Shell Style Cat Cave Pet Sofa Machine Washable Dog Bed Heated Pet Bed
2024-11-12 16:33:44,839 || INFO || 点击Add to Import List按钮
2024-11-12 16:33:52,068 || INFO || 产品已存在，跳过处理
2024-11-12 16:33:52,480 || ERROR || 关闭产品详情页时出错: Message: invalid session id
Stacktrace:
	GetHandleVerifier [0x00007FF651B6FDA5+29557]
	(No symbol) [0x00007FF651AE2240]
	(No symbol) [0x00007FF65199B519]
	(No symbol) [0x00007FF6519E0424]
	(No symbol) [0x00007FF651A173A9]
	(No symbol) [0x00007FF651A10ED8]
	(No symbol) [0x00007FF651A100CA]
	(No symbol) [0x00007FF651963D75]
	GetHandleVerifier [0x00007FF651E9DCBD+3363469]
	GetHandleVerifier [0x00007FF651EE9B47+3674391]
	GetHandleVerifier [0x00007FF651EDEAEB+3629243]
	GetHandleVerifier [0x00007FF651C2FC66+815670]
	(No symbol) [0x00007FF651AED6EF]
	(No symbol) [0x00007FF651962837]
	GetHandleVerifier [0x00007FF651F4AB98+4071784]
	BaseThreadInitThunk [0x00007FFE9889257D+29]
	RtlUserThreadStart [0x00007FFE9A3AAF08+40]

2024-11-12 16:33:52,484 || ERROR || 无法返回到产品列表页
2024-11-12 16:33:52,484 || INFO || 类别 Pet sofa 处理完成，成功导入 0 个产品
2024-11-12 16:33:52,486 || WARNING || 会话失效，尝试重新创建浏览器实例
2024-11-12 16:33:52,489 || WARNING || 检测到无效会话，尝试重新创建浏览器实例
2024-11-12 16:34:00,561 || INFO || 开始处理类别: Pet hammock
2024-11-12 16:34:07,002 || INFO || 输入搜索关键词: Pet hammock
2024-11-12 16:34:08,295 || ERROR || 处理类别时出错: Message: target frame detached
  (failed to check if window was closed: disconnected: Unable to receive message from renderer)
  (Session info: chrome=130.0.6723.117)
Stacktrace:
	GetHandleVerifier [0x00007FF651B6FDA5+29557]
	(No symbol) [0x00007FF651AE2240]
	(No symbol) [0x00007FF65199B519]
	(No symbol) [0x00007FF651983E6B]
	(No symbol) [0x00007FF651981D52]
	(No symbol) [0x00007FF6519825AF]
	(No symbol) [0x00007FF6519910CE]
	(No symbol) [0x00007FF6519A9B9D]
	(No symbol) [0x00007FF6519AF72A]
	(No symbol) [0x00007FF651982D14]
	(No symbol) [0x00007FF6519A9720]
	(No symbol) [0x00007FF651A38BEC]
	(No symbol) [0x00007FF651A172A3]
	(No symbol) [0x00007FF6519E12DF]
	(No symbol) [0x00007FF6519E2451]
	GetHandleVerifier [0x00007FF651E9DCBD+3363469]
	GetHandleVerifier [0x00007FF651EE9B47+3674391]
	GetHandleVerifier [0x00007FF651EDEAEB+3629243]
	GetHandleVerifier [0x00007FF651C2FC66+815670]
	(No symbol) [0x00007FF651AED6EF]
	(No symbol) [0x00007FF651AE92B4]
	(No symbol) [0x00007FF651AE9450]
	(No symbol) [0x00007FF651AD81FF]
	BaseThreadInitThunk [0x00007FFE9889257D+29]
	RtlUserThreadStart [0x00007FFE9A3AAF08+40]

2024-11-12 16:34:08,351 || INFO || 类别 Pet hammock 处理完成，成功导入 0 个产品
2024-11-12 16:34:08,369 || WARNING || 会话失效，尝试重新创建浏览器实例
2024-11-12 16:34:08,370 || WARNING || 检测到无效会话，尝试重新创建浏览器实例
