2024-11-12 17:48:10,496 || INFO || 读取到 9 个类别
2024-11-12 17:48:10,496 || INFO || 读取到 1 个工作表
2024-11-12 17:48:12,523 || INFO || Chrome WebDriver启动成功
2024-11-12 17:48:12,528 || INFO || 开始处理类别: Pet pad
2024-11-12 17:48:21,740 || INFO || 输入搜索关键词: Pet pad
2024-11-12 17:48:32,578 || INFO || 点击搜索按钮
2024-11-12 17:48:33,075 || INFO || 开始加载更多产品...
2024-11-12 17:48:56,781 || INFO || 没有更多产品可加载
2024-11-12 17:48:56,819 || INFO || 找到 48 个产品
2024-11-12 17:48:56,820 || INFO || 处理第 1/48 个产品
2024-11-12 17:48:58,716 || INFO || 产品标题: Luxury 6 layer absorbent waterproof disposable training pet puppy dogs pee pads for dogs
2024-11-12 17:49:08,557 || INFO || 点击了Add to Import List按钮
2024-11-12 17:49:09,766 || INFO || 选择Draft状态
2024-11-12 17:49:12,978 || INFO || 打开类别选择
2024-11-12 17:49:12,979 || INFO || 开始处理类别选择: Pet Beds
2024-11-12 17:49:13,006 || INFO || 下拉菜单区域已加载
2024-11-12 17:49:13,552 || INFO || 搜索框输入完成: pet beds
2024-11-12 17:49:14,562 || INFO || 成功选择类别: Pet Beds
2024-11-12 17:49:21,883 || ERROR || 处理变体和图片选项失败：Message: no such window: target window already closed
from unknown error: web view not found
  (Session info: chrome=130.0.6723.117)
Stacktrace:
	GetHandleVerifier [0x00007FF651B6FDA5+29557]
	(No symbol) [0x00007FF651AE2240]
	(No symbol) [0x00007FF65199B6EA]
	(No symbol) [0x00007FF65196FCD5]
	(No symbol) [0x00007FF651A1F167]
	(No symbol) [0x00007FF651A381A1]
	(No symbol) [0x00007FF651A172A3]
	(No symbol) [0x00007FF6519E12DF]
	(No symbol) [0x00007FF6519E2451]
	GetHandleVerifier [0x00007FF651E9DCBD+3363469]
	GetHandleVerifier [0x00007FF651EE9B47+3674391]
	GetHandleVerifier [0x00007FF651EDEAEB+3629243]
	GetHandleVerifier [0x00007FF651C2FC66+815670]
	(No symbol) [0x00007FF651AED6EF]
	(No symbol) [0x00007FF651AE92B4]
	(No symbol) [0x00007FF651AE9450]
	(No symbol) [0x00007FF651AD81FF]
	BaseThreadInitThunk [0x00007FFE9889257D+29]
	RtlUserThreadStart [0x00007FFE9A3AAF08+40]

2024-11-12 17:49:21,889 || ERROR || 处理产品时出错: Message: disconnected: not connected to DevTools
  (failed to check if window was closed: disconnected: not connected to DevTools)
  (Session info: chrome=130.0.6723.117)
Stacktrace:
	GetHandleVerifier [0x00007FF651B6FDA5+29557]
	(No symbol) [0x00007FF651AE2240]
	(No symbol) [0x00007FF65199B6EA]
	(No symbol) [0x00007FF651981515]
	(No symbol) [0x00007FF6519825AF]
	(No symbol) [0x00007FF65199BD03]
	(No symbol) [0x00007FF65196F7BD]
	(No symbol) [0x00007FF651A26699]
	(No symbol) [0x00007FF651A174C0]
	(No symbol) [0x00007FF6519E12DF]
	(No symbol) [0x00007FF6519E2451]
	GetHandleVerifier [0x00007FF651E9DCBD+3363469]
	GetHandleVerifier [0x00007FF651EE9B47+3674391]
	GetHandleVerifier [0x00007FF651EDEAEB+3629243]
	GetHandleVerifier [0x00007FF651C2FC66+815670]
	(No symbol) [0x00007FF651AED6EF]
	(No symbol) [0x00007FF651AE92B4]
	(No symbol) [0x00007FF651AE9450]
	(No symbol) [0x00007FF651AD81FF]
	BaseThreadInitThunk [0x00007FFE9889257D+29]
	RtlUserThreadStart [0x00007FFE9A3AAF08+40]

2024-11-12 17:49:21,895 || ERROR || 处理产品详情页时发生错误: Message: disconnected: not connected to DevTools
  (failed to check if window was closed: disconnected: not connected to DevTools)
  (Session info: chrome=130.0.6723.117)
Stacktrace:
	GetHandleVerifier [0x00007FF651B6FDA5+29557]
	(No symbol) [0x00007FF651AE2240]
	(No symbol) [0x00007FF65199B6EA]
	(No symbol) [0x00007FF651981515]
	(No symbol) [0x00007FF6519825AF]
	(No symbol) [0x00007FF65199BD03]
	(No symbol) [0x00007FF65196F7BD]
	(No symbol) [0x00007FF651A27BBF]
	(No symbol) [0x00007FF651A174C0]
	(No symbol) [0x00007FF6519E12DF]
	(No symbol) [0x00007FF6519E2451]
	GetHandleVerifier [0x00007FF651E9DCBD+3363469]
	GetHandleVerifier [0x00007FF651EE9B47+3674391]
	GetHandleVerifier [0x00007FF651EDEAEB+3629243]
	GetHandleVerifier [0x00007FF651C2FC66+815670]
	(No symbol) [0x00007FF651AED6EF]
	(No symbol) [0x00007FF651AE92B4]
	(No symbol) [0x00007FF651AE9450]
	(No symbol) [0x00007FF651AD81FF]
	BaseThreadInitThunk [0x00007FFE9889257D+29]
	RtlUserThreadStart [0x00007FFE9A3AAF08+40]

2024-11-12 17:49:21,899 || ERROR || 处理产品详情时出错: name 'close_tab' is not defined
2024-11-12 17:49:21,915 || ERROR || 无法返回到产品列表页
2024-11-12 17:49:21,915 || INFO || 类别 Pet pad 处理完成，成功导入 0 个产品
2024-11-12 17:49:21,917 || WARNING || 会话失效，尝试重新创建浏览器实例
2024-11-12 17:49:21,920 || WARNING || 检测到无效会话，尝试重新创建浏览器实例
2024-11-12 17:49:26,190 || INFO || 开始处理类别: Pet sofa
2024-11-12 17:49:27,443 || ERROR || 等待元素时出错: Message: unknown error: cannot determine loading status
from target frame detached
  (Session info: chrome=130.0.6723.117)
Stacktrace:
	GetHandleVerifier [0x00007FF651B6FDA5+29557]
	(No symbol) [0x00007FF651AE2240]
	(No symbol) [0x00007FF65199B519]
	(No symbol) [0x00007FF651983E6B]
	(No symbol) [0x00007FF651981D52]
	(No symbol) [0x00007FF6519825AF]
	(No symbol) [0x00007FF651991669]
	(No symbol) [0x00007FF6519A9B9D]
	(No symbol) [0x00007FF6519AF72A]
	(No symbol) [0x00007FF651982D14]
	(No symbol) [0x00007FF6519A9720]
	(No symbol) [0x00007FF651A38785]
	(No symbol) [0x00007FF651A172A3]
	(No symbol) [0x00007FF6519E12DF]
	(No symbol) [0x00007FF6519E2451]
	GetHandleVerifier [0x00007FF651E9DCBD+3363469]
	GetHandleVerifier [0x00007FF651EE9B47+3674391]
	GetHandleVerifier [0x00007FF651EDEAEB+3629243]
	GetHandleVerifier [0x00007FF651C2FC66+815670]
	(No symbol) [0x00007FF651AED6EF]
	(No symbol) [0x00007FF651AE92B4]
	(No symbol) [0x00007FF651AE9450]
	(No symbol) [0x00007FF651AD81FF]
	BaseThreadInitThunk [0x00007FFE9889257D+29]
	RtlUserThreadStart [0x00007FFE9A3AAF08+40]

2024-11-12 17:49:27,448 || ERROR || 无法找到搜索框
2024-11-12 17:49:27,449 || INFO || 类别 Pet sofa 处理完成，成功导入 0 个产品
2024-11-12 17:49:27,546 || INFO || 开始处理类别: Pet hammock
2024-11-12 17:49:27,557 || WARNING || 检测到无效会话，尝试重新创建浏览器实例
