2024-11-12 16:41:17,789 || INFO || 读取到 9 个类别
2024-11-12 16:41:17,790 || INFO || 读取到 1 个工作表
2024-11-12 16:41:19,725 || INFO || Chrome WebDriver启动成功
2024-11-12 16:41:19,744 || INFO || 开始处理类别: Pet pad
2024-11-12 16:41:28,568 || INFO || 输入搜索关键词: Pet pad
2024-11-12 16:41:40,068 || INFO || 点击搜索按钮
2024-11-12 16:41:40,510 || INFO || 开始加载更多产品...
2024-11-12 16:42:04,150 || INFO || 没有更多产品可加载
2024-11-12 16:42:04,193 || INFO || 找到 48 个产品
2024-11-12 16:42:04,194 || INFO || 处理第 1/48 个产品
2024-11-12 16:42:06,290 || INFO || 产品标题: Luxury 6 layer absorbent waterproof disposable training pet puppy dogs pee pads for dogs
2024-11-12 16:42:16,271 || INFO || 点击Add to Import List按钮
2024-11-12 16:42:23,465 || INFO || 产品已存在，跳过处理
2024-11-12 16:42:23,880 || ERROR || 关闭产品详情页时出错: Message: invalid session id
Stacktrace:
	GetHandleVerifier [0x00007FF651B6FDA5+29557]
	(No symbol) [0x00007FF651AE2240]
	(No symbol) [0x00007FF65199B519]
	(No symbol) [0x00007FF6519E0424]
	(No symbol) [0x00007FF651A173A9]
	(No symbol) [0x00007FF651A10ED8]
	(No symbol) [0x00007FF651A100CA]
	(No symbol) [0x00007FF651963D75]
	GetHandleVerifier [0x00007FF651E9DCBD+3363469]
	GetHandleVerifier [0x00007FF651EE9B47+3674391]
	GetHandleVerifier [0x00007FF651EDEAEB+3629243]
	GetHandleVerifier [0x00007FF651C2FC66+815670]
	(No symbol) [0x00007FF651AED6EF]
	(No symbol) [0x00007FF651962837]
	GetHandleVerifier [0x00007FF651F4AB98+4071784]
	BaseThreadInitThunk [0x00007FFE9889257D+29]
	RtlUserThreadStart [0x00007FFE9A3AAF08+40]

2024-11-12 16:42:23,883 || ERROR || 无法返回到产品列表页
2024-11-12 16:42:23,885 || INFO || 类别 Pet pad 处理完成，成功导入 0 个产品
2024-11-12 16:42:23,886 || WARNING || 会话失效，尝试重新创建浏览器实例
2024-11-12 16:42:23,887 || WARNING || 检测到无效会话，尝试重新创建浏览器实例
2024-11-12 16:42:28,051 || INFO || 开始处理类别: Pet sofa
2024-11-12 16:42:29,516 || ERROR || 导航到页面时出错: list index out of range
2024-11-12 16:42:29,526 || WARNING || 检测到无效会话，尝试重新创建浏览器实例
