2024-11-12 17:18:08,586 || INFO || 读取到 9 个类别
2024-11-12 17:18:08,587 || INFO || 读取到 1 个工作表
2024-11-12 17:18:10,634 || INFO || Chrome WebDriver启动成功
2024-11-12 17:18:10,645 || INFO || 开始处理类别: Pet pad
2024-11-12 17:18:27,072 || INFO || 输入搜索关键词: Pet pad
2024-11-12 17:18:38,926 || INFO || 点击搜索按钮
2024-11-12 17:18:39,430 || INFO || 开始加载更多产品...
2024-11-12 17:19:03,339 || INFO || 没有更多产品可加载
2024-11-12 17:19:03,376 || INFO || 找到 48 个产品
2024-11-12 17:19:03,377 || INFO || 处理第 1/48 个产品
2024-11-12 17:19:05,564 || INFO || 产品标题: Luxury 6 layer absorbent waterproof disposable training pet puppy dogs pee pads for dogs
2024-11-12 17:19:15,161 || INFO || 处理产品详情页操作: Pet pad, Pet Beds!!!
2024-11-12 17:19:15,277 || INFO || 点击了Add to Import List按钮
2024-11-12 17:19:18,690 || ERROR || 处理选项时出错：Message: 
Stacktrace:
	GetHandleVerifier [0x00007FF651B6FDA5+29557]
	(No symbol) [0x00007FF651AE2240]
	(No symbol) [0x00007FF65199B6EA]
	(No symbol) [0x00007FF6519EFA15]
	(No symbol) [0x00007FF6519EFC6C]
	(No symbol) [0x00007FF651A3BB07]
	(No symbol) [0x00007FF651A1753F]
	(No symbol) [0x00007FF651A388A3]
	(No symbol) [0x00007FF651A172A3]
	(No symbol) [0x00007FF6519E12DF]
	(No symbol) [0x00007FF6519E2451]
	GetHandleVerifier [0x00007FF651E9DCBD+3363469]
	GetHandleVerifier [0x00007FF651EE9B47+3674391]
	GetHandleVerifier [0x00007FF651EDEAEB+3629243]
	GetHandleVerifier [0x00007FF651C2FC66+815670]
	(No symbol) [0x00007FF651AED6EF]
	(No symbol) [0x00007FF651AE92B4]
	(No symbol) [0x00007FF651AE9450]
	(No symbol) [0x00007FF651AD81FF]
	BaseThreadInitThunk [0x00007FFE9889257D+29]
	RtlUserThreadStart [0x00007FFE9A3AAF08+40]

2024-11-12 17:19:21,713 || INFO || 处理第 2/48 个产品
2024-11-12 17:19:22,795 || INFO || 产品标题: Free Customized Logo Waterproof Wholesale Puppy Training Disposable pet Urine Pee Leak-Proof Bottom Film Wholesale Pet Pee Pad
2024-11-12 17:19:32,282 || INFO || 处理产品详情页操作: Pet pad, Pet Beds!!!
2024-11-12 17:19:32,377 || INFO || 点击了Add to Import List按钮
2024-11-12 17:19:35,766 || INFO || 开始处理类别选择: Pet Beds
2024-11-12 17:19:35,796 || INFO || 下拉菜单区域已加载
2024-11-12 17:19:36,358 || INFO || 搜索框输入完成: pet beds
2024-11-12 17:19:37,368 || INFO || 成功选择类别: Pet Beds
2024-11-12 17:19:43,466 || INFO || 点击Add to Store按钮
2024-11-12 17:21:00,671 || ERROR || 添加到商店时出错: Message: no such window: target window already closed
from unknown error: web view not found
  (Session info: chrome=130.0.6723.117)
Stacktrace:
	GetHandleVerifier [0x00007FF651B6FDA5+29557]
	(No symbol) [0x00007FF651AE2240]
	(No symbol) [0x00007FF65199B6EA]
	(No symbol) [0x00007FF65196FCD5]
	(No symbol) [0x00007FF651A1F167]
	(No symbol) [0x00007FF651A381A1]
	(No symbol) [0x00007FF651A172A3]
	(No symbol) [0x00007FF6519E12DF]
	(No symbol) [0x00007FF6519E2451]
	GetHandleVerifier [0x00007FF651E9DCBD+3363469]
	GetHandleVerifier [0x00007FF651EE9B47+3674391]
	GetHandleVerifier [0x00007FF651EDEAEB+3629243]
	GetHandleVerifier [0x00007FF651C2FC66+815670]
	(No symbol) [0x00007FF651AED6EF]
	(No symbol) [0x00007FF651AE92B4]
	(No symbol) [0x00007FF651AE9450]
	(No symbol) [0x00007FF651AD81FF]
	BaseThreadInitThunk [0x00007FFE9889257D+29]
	RtlUserThreadStart [0x00007FFE9A3AAF08+40]

2024-11-12 17:21:00,677 || ERROR || 处理产品时出错: Message: disconnected: not connected to DevTools
  (failed to check if window was closed: disconnected: not connected to DevTools)
  (Session info: chrome=130.0.6723.117)
Stacktrace:
	GetHandleVerifier [0x00007FF651B6FDA5+29557]
	(No symbol) [0x00007FF651AE2240]
	(No symbol) [0x00007FF65199B6EA]
	(No symbol) [0x00007FF651981515]
	(No symbol) [0x00007FF6519825AF]
	(No symbol) [0x00007FF65199BD03]
	(No symbol) [0x00007FF65196F7BD]
	(No symbol) [0x00007FF651A26699]
	(No symbol) [0x00007FF651A174C0]
	(No symbol) [0x00007FF6519E12DF]
	(No symbol) [0x00007FF6519E2451]
	GetHandleVerifier [0x00007FF651E9DCBD+3363469]
	GetHandleVerifier [0x00007FF651EE9B47+3674391]
	GetHandleVerifier [0x00007FF651EDEAEB+3629243]
	GetHandleVerifier [0x00007FF651C2FC66+815670]
	(No symbol) [0x00007FF651AED6EF]
	(No symbol) [0x00007FF651AE92B4]
	(No symbol) [0x00007FF651AE9450]
	(No symbol) [0x00007FF651AD81FF]
	BaseThreadInitThunk [0x00007FFE9889257D+29]
	RtlUserThreadStart [0x00007FFE9A3AAF08+40]

2024-11-12 17:21:00,683 || ERROR || 处理产品详情页时发生错误: Message: disconnected: not connected to DevTools
  (failed to check if window was closed: disconnected: not connected to DevTools)
  (Session info: chrome=130.0.6723.117)
Stacktrace:
	GetHandleVerifier [0x00007FF651B6FDA5+29557]
	(No symbol) [0x00007FF651AE2240]
	(No symbol) [0x00007FF65199B6EA]
	(No symbol) [0x00007FF651981515]
	(No symbol) [0x00007FF6519825AF]
	(No symbol) [0x00007FF65199BD03]
	(No symbol) [0x00007FF65196F7BD]
	(No symbol) [0x00007FF651A27BBF]
	(No symbol) [0x00007FF651A174C0]
	(No symbol) [0x00007FF6519E12DF]
	(No symbol) [0x00007FF6519E2451]
	GetHandleVerifier [0x00007FF651E9DCBD+3363469]
	GetHandleVerifier [0x00007FF651EE9B47+3674391]
	GetHandleVerifier [0x00007FF651EDEAEB+3629243]
	GetHandleVerifier [0x00007FF651C2FC66+815670]
	(No symbol) [0x00007FF651AED6EF]
	(No symbol) [0x00007FF651AE92B4]
	(No symbol) [0x00007FF651AE9450]
	(No symbol) [0x00007FF651AD81FF]
	BaseThreadInitThunk [0x00007FFE9889257D+29]
	RtlUserThreadStart [0x00007FFE9A3AAF08+40]

2024-11-12 17:21:00,686 || ERROR || 处理产品详情时出错: name 'close_tab' is not defined
2024-11-12 17:21:00,705 || ERROR || 无法返回到产品列表页
2024-11-12 17:21:00,705 || INFO || 类别 Pet pad 处理完成，成功导入 0 个产品
2024-11-12 17:21:00,707 || WARNING || 会话失效，尝试重新创建浏览器实例
2024-11-12 17:21:00,709 || WARNING || 检测到无效会话，尝试重新创建浏览器实例
2024-11-12 17:21:04,659 || INFO || 开始处理类别: Pet sofa
2024-11-12 17:21:10,651 || INFO || 输入搜索关键词: Pet sofa
2024-11-12 17:21:17,560 || INFO || 点击搜索按钮
2024-11-12 17:21:17,566 || ERROR || 等待元素时出错: Message: no such window: target window already closed
from unknown error: web view not found
  (Session info: chrome=130.0.6723.117)
Stacktrace:
	GetHandleVerifier [0x00007FF651B6FDA5+29557]
	(No symbol) [0x00007FF651AE2240]
	(No symbol) [0x00007FF65199B6EA]
	(No symbol) [0x00007FF65196FCD5]
	(No symbol) [0x00007FF651A1F167]
	(No symbol) [0x00007FF651A381A1]
	(No symbol) [0x00007FF651A172A3]
	(No symbol) [0x00007FF6519E12DF]
	(No symbol) [0x00007FF6519E2451]
	GetHandleVerifier [0x00007FF651E9DCBD+3363469]
	GetHandleVerifier [0x00007FF651EE9B47+3674391]
	GetHandleVerifier [0x00007FF651EDEAEB+3629243]
	GetHandleVerifier [0x00007FF651C2FC66+815670]
	(No symbol) [0x00007FF651AED6EF]
	(No symbol) [0x00007FF651AE92B4]
	(No symbol) [0x00007FF651AE9450]
	(No symbol) [0x00007FF651AD81FF]
	BaseThreadInitThunk [0x00007FFE9889257D+29]
	RtlUserThreadStart [0x00007FFE9A3AAF08+40]

2024-11-12 17:21:17,583 || ERROR || 无法加载产品列表
2024-11-12 17:21:17,583 || INFO || 类别 Pet sofa 处理完成，成功导入 0 个产品
2024-11-12 17:21:17,618 || WARNING || 会话失效，尝试重新创建浏览器实例
2024-11-12 17:21:17,643 || WARNING || 检测到无效会话，尝试重新创建浏览器实例
