2024-11-12 16:10:04,869 || INFO || 读取到 9 个类别
2024-11-12 16:10:04,869 || INFO || 读取到 1 个工作表
2024-11-12 16:10:06,888 || INFO || Chrome WebDriver启动成功
2024-11-12 16:10:06,893 || INFO || 开始处理类别: Pet pad
2024-11-12 16:10:16,554 || INFO || 输入搜索关键词: Pet pad
2024-11-12 16:10:28,290 || INFO || 点击搜索按钮
2024-11-12 16:10:28,744 || INFO || 开始加载更多产品...
2024-11-12 16:10:52,561 || INFO || 没有更多产品可加载
2024-11-12 16:10:52,586 || INFO || 找到 48 个产品
2024-11-12 16:10:52,586 || INFO || 处理第 1/48 个产品
2024-11-12 16:10:54,711 || INFO || 产品标题: Luxury 6 layer absorbent waterproof disposable training pet puppy dogs pee pads for dogs
2024-11-12 16:11:04,549 || INFO || 点击Add to Import List按钮
2024-11-12 16:11:17,198 || INFO || 选择Draft状态成功
2024-11-12 16:11:20,272 || INFO || 开始处理类别选择: Pet Beds
2024-11-12 16:11:20,295 || INFO || 下拉菜单区域已加载
2024-11-12 16:11:20,839 || INFO || 搜索框输入完成: pet beds
2024-11-12 16:11:21,847 || INFO || 成功选择类别: Pet Beds
2024-11-12 16:11:32,182 || INFO || 点击Description标签
2024-11-12 16:11:34,270 || INFO || 点击Variants标签
2024-11-12 16:11:36,361 || INFO || 选择Import all variants
2024-11-12 16:11:38,469 || INFO || 选择价格选项
2024-11-12 16:11:41,795 || INFO || 点击Images标签
2024-11-12 16:11:45,189 || INFO || 点击Add to Store按钮
2024-11-12 16:11:45,191 || INFO || 等待产品导入完成...
2024-11-12 16:13:46,487 || ERROR || 导入超时（120秒）
2024-11-12 16:13:46,487 || ERROR || 添加产品到商店失败
2024-11-12 16:13:49,317 || INFO || 处理第 2/48 个产品
2024-11-12 16:13:50,367 || INFO || 产品标题: Hollee Hot Sale Customizable SAP Pet Training Pad Pee Pad For Dogs And Cats Non-Woven Fabric With Sustainable PE Materials
2024-11-12 16:14:00,121 || INFO || 点击Add to Import List按钮
2024-11-12 16:14:12,967 || INFO || 选择Draft状态成功
