2024-11-12 16:22:05,026 || INFO || 读取到 9 个类别
2024-11-12 16:22:05,027 || INFO || 读取到 1 个工作表
2024-11-12 16:22:07,221 || INFO || Chrome WebDriver启动成功
2024-11-12 16:22:07,250 || INFO || 开始处理类别: Pet pad
2024-11-12 16:22:15,166 || INFO || 输入搜索关键词: Pet pad
2024-11-12 16:22:27,902 || INFO || 点击搜索按钮
2024-11-12 16:22:28,389 || INFO || 开始加载更多产品...
2024-11-12 16:22:52,108 || INFO || 没有更多产品可加载
2024-11-12 16:22:52,130 || INFO || 找到 48 个产品
2024-11-12 16:22:52,131 || INFO || 处理第 1/48 个产品
2024-11-12 16:22:54,132 || INFO || 产品标题: Luxury 6 layer absorbent waterproof disposable training pet puppy dogs pee pads for dogs
2024-11-12 16:23:04,209 || INFO || 点击Add to Import List按钮
2024-11-12 16:23:21,654 || INFO || 产品已存在（完整消息），跳过
2024-11-12 16:23:22,273 || ERROR || 关闭产品详情页时出错: Message: invalid session id
Stacktrace:
	GetHandleVerifier [0x00007FF651B6FDA5+29557]
	(No symbol) [0x00007FF651AE2240]
	(No symbol) [0x00007FF65199B519]
	(No symbol) [0x00007FF6519E0424]
	(No symbol) [0x00007FF651A173A9]
	(No symbol) [0x00007FF651A10ED8]
	(No symbol) [0x00007FF651A100CA]
	(No symbol) [0x00007FF651963D75]
	GetHandleVerifier [0x00007FF651E9DCBD+3363469]
	GetHandleVerifier [0x00007FF651EE9B47+3674391]
	GetHandleVerifier [0x00007FF651EDEAEB+3629243]
	GetHandleVerifier [0x00007FF651C2FC66+815670]
	(No symbol) [0x00007FF651AED6EF]
	(No symbol) [0x00007FF651962837]
	GetHandleVerifier [0x00007FF651F4AB98+4071784]
	BaseThreadInitThunk [0x00007FFE9889257D+29]
	RtlUserThreadStart [0x00007FFE9A3AAF08+40]

2024-11-12 16:23:22,277 || ERROR || 无法返回到产品列表页
2024-11-12 16:23:22,278 || INFO || 类别 Pet pad 处理完成，成功导入 0 个产品
2024-11-12 16:23:22,279 || WARNING || 会话失效，尝试重新创建浏览器实例
2024-11-12 16:23:22,280 || WARNING || 检测到无效会话，尝试重新创建浏览器实例
2024-11-12 16:23:26,394 || INFO || 开始处理类别: Pet sofa
2024-11-12 16:23:32,379 || INFO || 输入搜索关键词: Pet sofa
2024-11-12 16:23:43,083 || INFO || 点击搜索按钮
2024-11-12 16:23:43,551 || INFO || 开始加载更多产品...
2024-11-12 16:24:07,008 || INFO || 没有更多产品可加载
2024-11-12 16:24:07,037 || INFO || 找到 48 个产品
2024-11-12 16:24:07,037 || INFO || 处理第 1/48 个产品
2024-11-12 16:24:09,459 || INFO || 产品标题: Customization Pet Sofa Warm Anti Slip Shell Style Cat Cave Pet Sofa Machine Washable Dog Bed Heated Pet Bed
2024-11-12 16:24:19,759 || INFO || 点击Add to Import List按钮
2024-11-12 16:24:43,200 || INFO || 选择Draft状态成功
2024-11-12 16:24:46,342 || INFO || 开始处理类别选择: Pet Beds
2024-11-12 16:24:46,422 || INFO || 下拉菜单区域已加载
2024-11-12 16:24:46,993 || INFO || 搜索框输入完成: pet beds
2024-11-12 16:24:48,016 || INFO || 成功选择类别: Pet Beds
2024-11-12 16:24:58,565 || INFO || 点击Description标签
2024-11-12 16:25:00,693 || INFO || 点击Variants标签
2024-11-12 16:25:02,844 || INFO || 选择Import all variants
2024-11-12 16:25:05,015 || INFO || 选择价格选项
2024-11-12 16:25:07,149 || INFO || 点击Images标签
2024-11-12 16:25:10,288 || INFO || 点击Add to Store按钮
2024-11-12 16:25:10,288 || INFO || 等待产品导入完成...
2024-11-12 16:27:07,069 || ERROR || 等待导入完成时出错: Message: no such window: target window already closed
from unknown error: web view not found
  (Session info: chrome=130.0.6723.117)
Stacktrace:
	GetHandleVerifier [0x00007FF651B6FDA5+29557]
	(No symbol) [0x00007FF651AE2240]
	(No symbol) [0x00007FF65199B6EA]
	(No symbol) [0x00007FF65196FCD5]
	(No symbol) [0x00007FF651A1F167]
	(No symbol) [0x00007FF651A381A1]
	(No symbol) [0x00007FF651A172A3]
	(No symbol) [0x00007FF6519E12DF]
	(No symbol) [0x00007FF6519E2451]
	GetHandleVerifier [0x00007FF651E9DCBD+3363469]
	GetHandleVerifier [0x00007FF651EE9B47+3674391]
	GetHandleVerifier [0x00007FF651EDEAEB+3629243]
	GetHandleVerifier [0x00007FF651C2FC66+815670]
	(No symbol) [0x00007FF651AED6EF]
	(No symbol) [0x00007FF651AE92B4]
	(No symbol) [0x00007FF651AE9450]
	(No symbol) [0x00007FF651AD81FF]
	BaseThreadInitThunk [0x00007FFE9889257D+29]
	RtlUserThreadStart [0x00007FFE9A3AAF08+40]

2024-11-12 16:27:07,077 || ERROR || 添加产品到商店失败
2024-11-12 16:27:07,085 || ERROR || 关闭产品详情页时出错: Message: disconnected: not connected to DevTools
  (failed to check if window was closed: disconnected: not connected to DevTools)
  (Session info: chrome=130.0.6723.117)
Stacktrace:
	GetHandleVerifier [0x00007FF651B6FDA5+29557]
	(No symbol) [0x00007FF651AE2240]
	(No symbol) [0x00007FF65199B6EA]
	(No symbol) [0x00007FF651981515]
	(No symbol) [0x00007FF6519825AF]
	(No symbol) [0x00007FF65199BD03]
	(No symbol) [0x00007FF65196F7BD]
	(No symbol) [0x00007FF651A26699]
	(No symbol) [0x00007FF651A174C0]
	(No symbol) [0x00007FF6519E12DF]
	(No symbol) [0x00007FF6519E2451]
	GetHandleVerifier [0x00007FF651E9DCBD+3363469]
	GetHandleVerifier [0x00007FF651EE9B47+3674391]
	GetHandleVerifier [0x00007FF651EDEAEB+3629243]
	GetHandleVerifier [0x00007FF651C2FC66+815670]
	(No symbol) [0x00007FF651AED6EF]
	(No symbol) [0x00007FF651AE92B4]
	(No symbol) [0x00007FF651AE9450]
	(No symbol) [0x00007FF651AD81FF]
	BaseThreadInitThunk [0x00007FFE9889257D+29]
	RtlUserThreadStart [0x00007FFE9A3AAF08+40]

2024-11-12 16:27:07,092 || ERROR || 无法返回到产品列表页
2024-11-12 16:27:07,093 || INFO || 类别 Pet sofa 处理完成，成功导入 0 个产品
2024-11-12 16:27:07,095 || WARNING || 会话失效，尝试重新创建浏览器实例
2024-11-12 16:27:07,099 || WARNING || 检测到无效会话，尝试重新创建浏览器实例
